<?xml version="1.0" encoding="UTF-8"?>
<!-- Generated by org.testng.reporters.JUnitXMLReporter -->
<testsuite hostname="LAPTOP-OMRO4GL7" ignored="0" name="me" tests="4" failures="1" timestamp="28 Sep 2018 08:23:41 GMT" time="19.812" errors="0">
  <testcase name="testA" time="0.026" classname="script.DemoA">
    <failure type="java.lang.AssertionError" message="null">
      <![CDATA[java.lang.AssertionError: null
at script.DemoA.testA(DemoA.java:14)
... Removed 27 stack frames]]>
    </failure>
  </testcase> <!-- testA -->
  <testcase name="testB" time="0.004" classname="script.DemoA"/>
  <testcase name="testA" time="0.575" classname="script.TestDemo"/>
  <testcase name="testDemo2" time="0.005" classname="script.TestDemo2"/>
</testsuite> <!-- me -->
