<?xml version="1.0" encoding="UTF-8"?>
<!-- Generated by org.testng.reporters.JUnitXMLReporter -->
<testsuite hostname="LAPTOP-OMRO4GL7" ignored="0" name="me" tests="4" failures="2" timestamp="28 Sep 2018 17:39:18 GMT" time="71.282" errors="0">
  <testcase name="testA" time="0.036" classname="script.DemoA">
    <failure type="java.lang.AssertionError" message="null">
      <![CDATA[java.lang.AssertionError: null
at script.DemoA.testA(DemoA.java:14)
... Removed 27 stack frames]]>
    </failure>
  </testcase> <!-- testA -->
  <testcase name="testB" time="0.0" classname="script.DemoA"/>
  <testcase name="testA" time="0.772" classname="script.TestDemo">
    <failure type="java.lang.AssertionError" message="null">
      <![CDATA[java.lang.AssertionError: null
at script.TestDemo.testA(TestDemo.java:20)
... Removed 27 stack frames]]>
    </failure>
  </testcase> <!-- testA -->
  <testcase name="testDemo2" time="0.006" classname="script.TestDemo2"/>
</testsuite> <!-- me -->
